<?xml version="1.0" encoding="UTF-8"?>
<!-- Generated by org.testng.reporters.JUnitReportReporter -->
<testsuite skipped="0" hostname="Sachins-Air.blr-office.geekyants.com" name="com.qa.sweety.tests.EntryPageTest" tests="1" failures="0" timestamp="21 Aug 2018 09:33:09 GMT" time="9.338" errors="0">
  <testcase name="verifyEntry" time="9.338" classname="com.qa.sweety.tests.EntryPageTest"/>
</testsuite> <!-- com.qa.sweety.tests.EntryPageTest -->
