<?xml version="1.0" encoding="UTF-8"?>
<!-- Generated by org.testng.reporters.JUnitReportReporter -->
<testsuite skipped="0" hostname="Sachins-Air.blr-office.geekyants.com" name="com.qa.sweety.tests.ReportPageTest" tests="1" failures="0" timestamp="21 Aug 2018 09:33:09 GMT" time="11.658" errors="0">
  <testcase name="verifyReport" time="11.658" classname="com.qa.sweety.tests.ReportPageTest"/>
</testsuite> <!-- com.qa.sweety.tests.ReportPageTest -->
