<?xml version="1.0" encoding="UTF-8"?>
<!-- Generated by org.testng.reporters.JUnitReportReporter -->
<testsuite skipped="0" hostname="Sachins-MacBook-Air.local" name="com.qa.sweety.base.TestBase" tests="1" failures="0" timestamp="11 Aug 2018 13:17:36 GMT" time="0.823" errors="0">
  <testcase name="excelReader" time="0.823" classname="com.qa.sweety.base.TestBase"/>
</testsuite> <!-- com.qa.sweety.base.TestBase -->
