<?xml version="1.0" encoding="UTF-8"?>
<!-- Generated by org.testng.reporters.JUnitReportReporter -->
<testsuite skipped="0" hostname="Sachins-MacBook-Air.local" name="com.qa.sweety.tests.LoginPageTest" tests="3" failures="0" timestamp="16 Aug 2018 10:25:10 GMT" time="51.735" errors="0">
  <testcase name="pageTitleTest" time="9.958" classname="com.qa.sweety.tests.LoginPageTest"/>
  <testcase name="loginTest" time="10.768" classname="com.qa.sweety.tests.LoginPageTest"/>
  <testcase name="loginTest" time="31.009" classname="com.qa.sweety.tests.LoginPageTest"/>
</testsuite> <!-- com.qa.sweety.tests.LoginPageTest -->
