<?xml version="1.0" encoding="UTF-8"?>
<!-- Generated by org.testng.reporters.JUnitReportReporter -->
<testsuite skipped="0" hostname="Sachins-MacBook-Air.local" name="com.qa.sweety.tests.ReportPageTest" tests="1" failures="0" timestamp="12 Aug 2018 16:02:52 GMT" time="17.501" errors="0">
  <testcase name="verifyReport" time="17.501" classname="com.qa.sweety.tests.ReportPageTest"/>
</testsuite> <!-- com.qa.sweety.tests.ReportPageTest -->
