<?xml version="1.0" encoding="UTF-8"?>
<!-- Generated by org.testng.reporters.JUnitReportReporter -->
<testsuite skipped="0" hostname="Sachins-MacBook-Air.local" name="com.qa.sweety.tests.LoginPageTest" tests="3" failures="0" timestamp="12 Aug 2018 15:59:41 GMT" time="52.334" errors="0">
  <testcase name="pageTitleTest" time="8.121" classname="com.qa.sweety.tests.LoginPageTest"/>
  <testcase name="loginTest" time="32.826" classname="com.qa.sweety.tests.LoginPageTest"/>
  <testcase name="loginTest" time="11.387" classname="com.qa.sweety.tests.LoginPageTest"/>
</testsuite> <!-- com.qa.sweety.tests.LoginPageTest -->
