<?xml version="1.0" encoding="UTF-8"?>
<!-- Generated by org.testng.reporters.JUnitReportReporter -->
<testsuite skipped="4" hostname="Sachins-Air.blr-office.geekyants.com" name="com.qa.sweety.tests.LoginPageTest" tests="5" failures="0" timestamp="21 Aug 2018 11:51:32 GMT" time="9.093" errors="0">
  <testcase name="invalidEmailTest" time="9.093" classname="com.qa.sweety.tests.LoginPageTest"/>
  <testcase name="validLoginTest" classname="com.qa.sweety.tests.LoginPageTest">
    <skipped/>
  </testcase> <!-- validLoginTest -->
  <testcase name="pageTitleTest" classname="com.qa.sweety.tests.LoginPageTest">
    <skipped/>
  </testcase> <!-- pageTitleTest -->
  <testcase name="invalidEmailTest12" classname="com.qa.sweety.tests.LoginPageTest">
    <skipped/>
  </testcase> <!-- invalidEmailTest12 -->
  <testcase name="invalidPasswordTest" classname="com.qa.sweety.tests.LoginPageTest">
    <skipped/>
  </testcase> <!-- invalidPasswordTest -->
</testsuite> <!-- com.qa.sweety.tests.LoginPageTest -->
