<?xml version="1.0" encoding="UTF-8"?>
<!-- Generated by org.testng.reporters.JUnitReportReporter -->
<testsuite skipped="0" hostname="Sachins-Air.blr-office.geekyants.com" name="com.qa.sweety.base.TestBase" tests="1" failures="0" timestamp="21 Aug 2018 11:09:39 GMT" time="1.251" errors="0">
  <testcase name="excelReaderNew" time="1.251" classname="com.qa.sweety.base.TestBase"/>
</testsuite> <!-- com.qa.sweety.base.TestBase -->
