<?xml version="1.0" encoding="UTF-8"?>
<!-- Generated by org.testng.reporters.JUnitReportReporter -->
<testsuite skipped="0" hostname="Sachins-MacBook-Air.local" name="com.qa.sweety.tests.ReportPageTest" tests="1" failures="0" timestamp="19 Aug 2018 14:22:25 GMT" time="13.811" errors="0">
  <testcase name="verifyReport" time="13.811" classname="com.qa.sweety.tests.ReportPageTest"/>
</testsuite> <!-- com.qa.sweety.tests.ReportPageTest -->
